app/build/intermediates/manifest_merge_blame_file/debug/manifest-merger-blame-debug-report.txt
1<?xml version="1.0" encoding="utf-8"?>
2<manifest xmlns:android="http://schemas.android.com/apk/res/android"
3    package="me.empresta"
4    android:versionCode="1"
5    android:versionName="1.0" >
6
7    <uses-sdk
8        android:minSdkVersion="21"
8-->src/main/AndroidManifest.xml
9        android:targetSdkVersion="33" />
9-->src/main/AndroidManifest.xml
10
11    <uses-permission android:name="android.permission.CAMERA" />
11-->src/main/AndroidManifest.xml:5:5-64
11-->src/main/AndroidManifest.xml:5:22-62
12    <uses-permission android:name="android.permission.INTERNET" />
12-->src/main/AndroidManifest.xml:6:5-66
12-->src/main/AndroidManifest.xml:6:22-64
13    <uses-permission android:name="android.permission.NFC" />
13-->src/main/AndroidManifest.xml:7:5-61
13-->src/main/AndroidManifest.xml:7:22-59
14
15    <permission
15-->[androidx.core:core:1.9.0] AndroidManifest.xml:22:5-24:47
16        android:name="me.empresta.DYNAMIC_RECEIVER_NOT_EXPORTED_PERMISSION"
16-->[androidx.core:core:1.9.0] AndroidManifest.xml:23:9-81
17        android:protectionLevel="signature" />
17-->[androidx.core:core:1.9.0] AndroidManifest.xml:24:9-44
18
19    <uses-permission android:name="me.empresta.DYNAMIC_RECEIVER_NOT_EXPORTED_PERMISSION" />
19-->[androidx.core:core:1.9.0] AndroidManifest.xml:26:5-97
19-->[androidx.core:core:1.9.0] AndroidManifest.xml:26:22-94
20    <uses-permission android:name="android.permission.WRITE_EXTERNAL_STORAGE" /> <!-- Don't require camera, as this requires a rear camera. This allows it to work on the Nexus 7 -->
20-->[com.github.androidmads:QRGenerator:1.0.1] AndroidManifest.xml:9:5-81
20-->[com.github.androidmads:QRGenerator:1.0.1] AndroidManifest.xml:9:22-78
21    <uses-feature
21-->[com.journeyapps:zxing-android-embedded:4.3.0] AndroidManifest.xml:25:5-27:36
22        android:name="android.hardware.camera"
22-->[com.journeyapps:zxing-android-embedded:4.3.0] AndroidManifest.xml:26:9-47
23        android:required="false" />
23-->[com.journeyapps:zxing-android-embedded:4.3.0] AndroidManifest.xml:27:9-33
24    <uses-feature
24-->[com.journeyapps:zxing-android-embedded:4.3.0] AndroidManifest.xml:28:5-30:36
25        android:name="android.hardware.camera.front"
25-->[com.journeyapps:zxing-android-embedded:4.3.0] AndroidManifest.xml:29:9-53
26        android:required="false" /> <!-- TODO replace above two with next line after Android 4.2 -->
26-->[com.journeyapps:zxing-android-embedded:4.3.0] AndroidManifest.xml:30:9-33
27    <!-- <uses-feature android:name="android.hardware.camera.any"/> -->
28    <uses-feature
28-->[com.journeyapps:zxing-android-embedded:4.3.0] AndroidManifest.xml:33:5-35:36
29        android:name="android.hardware.camera.autofocus"
29-->[com.journeyapps:zxing-android-embedded:4.3.0] AndroidManifest.xml:34:9-57
30        android:required="false" />
30-->[com.journeyapps:zxing-android-embedded:4.3.0] AndroidManifest.xml:35:9-33
31    <uses-feature
31-->[com.journeyapps:zxing-android-embedded:4.3.0] AndroidManifest.xml:36:5-38:36
32        android:name="android.hardware.camera.flash"
32-->[com.journeyapps:zxing-android-embedded:4.3.0] AndroidManifest.xml:37:9-53
33        android:required="false" />
33-->[com.journeyapps:zxing-android-embedded:4.3.0] AndroidManifest.xml:38:9-33
34    <uses-feature
34-->[com.journeyapps:zxing-android-embedded:4.3.0] AndroidManifest.xml:39:5-41:36
35        android:name="android.hardware.screen.landscape"
35-->[com.journeyapps:zxing-android-embedded:4.3.0] AndroidManifest.xml:40:9-57
36        android:required="false" />
36-->[com.journeyapps:zxing-android-embedded:4.3.0] AndroidManifest.xml:41:9-33
37    <uses-feature
37-->[com.journeyapps:zxing-android-embedded:4.3.0] AndroidManifest.xml:42:5-44:36
38        android:name="android.hardware.wifi"
38-->[com.journeyapps:zxing-android-embedded:4.3.0] AndroidManifest.xml:43:9-45
39        android:required="false" />
39-->[com.journeyapps:zxing-android-embedded:4.3.0] AndroidManifest.xml:44:9-33
40
41    <application
41-->src/main/AndroidManifest.xml:8:5-28:19
42        android:name="me.empresta.EMPRESTAME"
42-->src/main/AndroidManifest.xml:12:9-35
43        android:allowBackup="true"
43-->src/main/AndroidManifest.xml:10:9-35
44        android:appComponentFactory="androidx.core.app.CoreComponentFactory"
44-->[androidx.core:core:1.9.0] AndroidManifest.xml:28:18-86
45        android:dataExtractionRules="@xml/data_extraction_rules"
45-->src/main/AndroidManifest.xml:11:9-65
46        android:debuggable="true"
47        android:fullBackupContent="@xml/backup_rules"
47-->src/main/AndroidManifest.xml:13:9-54
48        android:icon="@mipmap/ic_launcher"
48-->src/main/AndroidManifest.xml:14:9-43
49        android:label="@string/app_name"
49-->src/main/AndroidManifest.xml:15:9-41
50        android:supportsRtl="true"
50-->src/main/AndroidManifest.xml:16:9-35
51        android:testOnly="true"
52        android:theme="@style/Theme.EMPRESTAME"
52-->src/main/AndroidManifest.xml:17:9-48
53        android:usesCleartextTraffic="true" >
53-->src/main/AndroidManifest.xml:9:9-44
54        <activity
54-->src/main/AndroidManifest.xml:19:9-27:20
55            android:name="me.empresta.MainActivity"
55-->src/main/AndroidManifest.xml:20:13-41
56            android:exported="true" >
56-->src/main/AndroidManifest.xml:21:13-36
57            <intent-filter>
57-->src/main/AndroidManifest.xml:22:13-26:29
58                <action android:name="android.intent.action.MAIN" />
58-->src/main/AndroidManifest.xml:23:17-69
58-->src/main/AndroidManifest.xml:23:25-66
59
60                <category android:name="android.intent.category.LAUNCHER" />
60-->src/main/AndroidManifest.xml:25:17-77
60-->src/main/AndroidManifest.xml:25:27-74
61            </intent-filter>
62        </activity>
63
64        <service
64-->[androidx.room:room-runtime:2.5.1] AndroidManifest.xml:24:9-28:63
65            android:name="androidx.room.MultiInstanceInvalidationService"
65-->[androidx.room:room-runtime:2.5.1] AndroidManifest.xml:25:13-74
66            android:directBootAware="true"
66-->[androidx.room:room-runtime:2.5.1] AndroidManifest.xml:26:13-43
67            android:exported="false" />
67-->[androidx.room:room-runtime:2.5.1] AndroidManifest.xml:27:13-37
68
69        <activity
69-->[androidx.compose.ui:ui-tooling:1.3.3] AndroidManifest.xml:23:9-25:39
70            android:name="androidx.compose.ui.tooling.PreviewActivity"
70-->[androidx.compose.ui:ui-tooling:1.3.3] AndroidManifest.xml:24:13-71
71            android:exported="true" />
71-->[androidx.compose.ui:ui-tooling:1.3.3] AndroidManifest.xml:25:13-36
72        <activity
72-->[androidx.compose.ui:ui-test-manifest:1.3.3] AndroidManifest.xml:23:9-25:39
73            android:name="androidx.activity.ComponentActivity"
73-->[androidx.compose.ui:ui-test-manifest:1.3.3] AndroidManifest.xml:24:13-63
74            android:exported="true" />
74-->[androidx.compose.ui:ui-test-manifest:1.3.3] AndroidManifest.xml:25:13-36
75
76        <uses-library
76-->[androidx.window:window:1.0.0] AndroidManifest.xml:25:9-27:40
77            android:name="androidx.window.extensions"
77-->[androidx.window:window:1.0.0] AndroidManifest.xml:26:13-54
78            android:required="false" />
78-->[androidx.window:window:1.0.0] AndroidManifest.xml:27:13-37
79        <uses-library
79-->[androidx.window:window:1.0.0] AndroidManifest.xml:28:9-30:40
80            android:name="androidx.window.sidecar"
80-->[androidx.window:window:1.0.0] AndroidManifest.xml:29:13-51
81            android:required="false" />
81-->[androidx.window:window:1.0.0] AndroidManifest.xml:30:13-37
82
83        <service
83-->[androidx.camera:camera-camera2:1.2.2] AndroidManifest.xml:24:9-33:19
84            android:name="androidx.camera.core.impl.MetadataHolderService"
84-->[androidx.camera:camera-camera2:1.2.2] AndroidManifest.xml:25:13-75
85            android:enabled="false"
85-->[androidx.camera:camera-camera2:1.2.2] AndroidManifest.xml:26:13-36
86            android:exported="false" >
86-->[androidx.camera:camera-camera2:1.2.2] AndroidManifest.xml:27:13-37
87            <meta-data
87-->[androidx.camera:camera-camera2:1.2.2] AndroidManifest.xml:30:13-32:89
88                android:name="androidx.camera.core.impl.MetadataHolderService.DEFAULT_CONFIG_PROVIDER"
88-->[androidx.camera:camera-camera2:1.2.2] AndroidManifest.xml:31:17-103
89                android:value="androidx.camera.camera2.Camera2Config$DefaultProvider" />
89-->[androidx.camera:camera-camera2:1.2.2] AndroidManifest.xml:32:17-86
90        </service>
91
92        <provider
92-->[androidx.emoji2:emoji2:1.2.0] AndroidManifest.xml:24:9-32:20
93            android:name="androidx.startup.InitializationProvider"
93-->[androidx.emoji2:emoji2:1.2.0] AndroidManifest.xml:25:13-67
94            android:authorities="me.empresta.androidx-startup"
94-->[androidx.emoji2:emoji2:1.2.0] AndroidManifest.xml:26:13-68
95            android:exported="false" >
95-->[androidx.emoji2:emoji2:1.2.0] AndroidManifest.xml:27:13-37
96            <meta-data
96-->[androidx.emoji2:emoji2:1.2.0] AndroidManifest.xml:29:13-31:52
97                android:name="androidx.emoji2.text.EmojiCompatInitializer"
97-->[androidx.emoji2:emoji2:1.2.0] AndroidManifest.xml:30:17-75
98                android:value="androidx.startup" />
98-->[androidx.emoji2:emoji2:1.2.0] AndroidManifest.xml:31:17-49
99            <meta-data
99-->[androidx.lifecycle:lifecycle-process:2.4.1] AndroidManifest.xml:31:13-33:52
100                android:name="androidx.lifecycle.ProcessLifecycleInitializer"
100-->[androidx.lifecycle:lifecycle-process:2.4.1] AndroidManifest.xml:32:17-78
101                android:value="androidx.startup" />
101-->[androidx.lifecycle:lifecycle-process:2.4.1] AndroidManifest.xml:33:17-49
102            <meta-data
102-->[androidx.profileinstaller:profileinstaller:1.2.0] AndroidManifest.xml:30:13-32:52
103                android:name="androidx.profileinstaller.ProfileInstallerInitializer"
103-->[androidx.profileinstaller:profileinstaller:1.2.0] AndroidManifest.xml:31:17-85
104                android:value="androidx.startup" />
104-->[androidx.profileinstaller:profileinstaller:1.2.0] AndroidManifest.xml:32:17-49
105        </provider>
106
107        <activity
107-->[com.journeyapps:zxing-android-embedded:4.3.0] AndroidManifest.xml:47:9-53:63
108            android:name="com.journeyapps.barcodescanner.CaptureActivity"
108-->[com.journeyapps:zxing-android-embedded:4.3.0] AndroidManifest.xml:48:13-74
109            android:clearTaskOnLaunch="true"
109-->[com.journeyapps:zxing-android-embedded:4.3.0] AndroidManifest.xml:49:13-45
110            android:screenOrientation="sensorLandscape"
110-->[com.journeyapps:zxing-android-embedded:4.3.0] AndroidManifest.xml:50:13-56
111            android:stateNotNeeded="true"
111-->[com.journeyapps:zxing-android-embedded:4.3.0] AndroidManifest.xml:51:13-42
112            android:theme="@style/zxing_CaptureTheme"
112-->[com.journeyapps:zxing-android-embedded:4.3.0] AndroidManifest.xml:52:13-54
113            android:windowSoftInputMode="stateAlwaysHidden" />
113-->[com.journeyapps:zxing-android-embedded:4.3.0] AndroidManifest.xml:53:13-60
114
115        <receiver
115-->[androidx.profileinstaller:profileinstaller:1.2.0] AndroidManifest.xml:35:9-47:20
116            android:name="androidx.profileinstaller.ProfileInstallReceiver"
116-->[androidx.profileinstaller:profileinstaller:1.2.0] AndroidManifest.xml:36:13-76
117            android:directBootAware="false"
117-->[androidx.profileinstaller:profileinstaller:1.2.0] AndroidManifest.xml:37:13-44
118            android:enabled="true"
118-->[androidx.profileinstaller:profileinstaller:1.2.0] AndroidManifest.xml:38:13-35
119            android:exported="true"
119-->[androidx.profileinstaller:profileinstaller:1.2.0] AndroidManifest.xml:39:13-36
120            android:permission="android.permission.DUMP" >
120-->[androidx.profileinstaller:profileinstaller:1.2.0] AndroidManifest.xml:40:13-57
121            <intent-filter>
121-->[androidx.profileinstaller:profileinstaller:1.2.0] AndroidManifest.xml:41:13-43:29
122                <action android:name="androidx.profileinstaller.action.INSTALL_PROFILE" />
122-->[androidx.profileinstaller:profileinstaller:1.2.0] AndroidManifest.xml:42:17-91
122-->[androidx.profileinstaller:profileinstaller:1.2.0] AndroidManifest.xml:42:25-88
123            </intent-filter>
124            <intent-filter>
124-->[androidx.profileinstaller:profileinstaller:1.2.0] AndroidManifest.xml:44:13-46:29
125                <action android:name="androidx.profileinstaller.action.SKIP_FILE" />
125-->[androidx.profileinstaller:profileinstaller:1.2.0] AndroidManifest.xml:45:17-85
125-->[androidx.profileinstaller:profileinstaller:1.2.0] AndroidManifest.xml:45:25-82
126            </intent-filter>
127        </receiver>
128    </application>
129
130</manifest>